<?xml version="1.0" encoding="UTF-8"?>
<testng-results total="1" passed="1" failed="0" skipped="0">
  <reporter-output>
  </reporter-output>
  <suite started-at="2025-07-14T08:45:05Z" name="Gradle suite" finished-at="2025-07-14T08:45:32Z" duration-ms="27031">
    <groups>
    </groups>
    <test started-at="2025-07-14T08:45:05Z" name="Gradle test" finished-at="2025-07-14T08:45:32Z" duration-ms="27031">
      <class name="demo.TestCases">
        <test-method is-config="true" signature="startBrowser()[pri:0, instance:demo.TestCases@ed7f8b4]" started-at="2025-07-14T14:15:05Z" name="startBrowser" finished-at="2025-07-14T14:15:08Z" duration-ms="3381" status="PASS">
          <reporter-output>
          </reporter-output>
        </test-method> <!-- startBrowser -->
        <test-method signature="testCase01()[pri:0, instance:demo.TestCases@ed7f8b4]" started-at="2025-07-14T14:15:08Z" name="testCase01" finished-at="2025-07-14T14:15:32Z" duration-ms="23126" status="PASS">
          <reporter-output>
          </reporter-output>
        </test-method> <!-- testCase01 -->
        <test-method is-config="true" signature="endTest()[pri:0, instance:demo.TestCases@ed7f8b4]" started-at="2025-07-14T14:15:32Z" name="endTest" finished-at="2025-07-14T14:15:32Z" duration-ms="504" status="PASS">
          <reporter-output>
          </reporter-output>
        </test-method> <!-- endTest -->
      </class> <!-- demo.TestCases -->
    </test> <!-- Gradle test -->
  </suite> <!-- Gradle suite -->
</testng-results>
